This is pdfTeX, Version 3.141592653-2.6-1.40.23 (TeX Live 2022/dev) (preloaded format=pdflatex 2021.8.22)  9 DEC 2023 11:39
entering extended mode
 restricted \write18 enabled.
 file:line:error style messages enabled.
 %&-line parsing enabled.
**ææ¡ˆæ‰‹æ³•.tex
(./ææ¡ˆæ‰‹æ³•.tex
LaTeX2e <2021-06-01> patch level 1
L3 programming layer <2021-07-12>
(/usr/local/texlive/2021/texmf-dist/tex/platex/jsclasses/jsarticle.cls

/usr/local/texlive/2021/texmf-dist/tex/platex/jsclasses/jsarticle.cls:14: LaTeX
 Error: This file needs format `pLaTeX2e'
               but this is `LaTeX2e'.

See the LaTeX manual or LaTeX Companion for explanation.
Type  H <return>  for immediate help.
 ...                                              
                                                  
l.14 \NeedsTeXFormat{pLaTeX2e}
                              
The current input file will not be processed further,
because it was written for some other flavor of TeX.
You're in trouble here.  Try typing  <return>  to proceed.
If that doesn't work, type  X <return>  to quit.

) (/usr/local/texlive/2021/texmf-dist/tex/latex/l3backend/l3backend-pdftex.def
File: l3backend-pdftex.def 2021-08-04 L3 backend support: PDF output (pdfTeX)
\l__color_backend_stack_int=\count182
\l__pdf_internal_box=\box50
)
No file ææ¡ˆæ‰‹æ³•.aux.
\openout1 = `ææ¡ˆæ‰‹æ³•.aux'.

LaTeX Font Info:    Checking defaults for OML/cmm/m/it on input line 3.
LaTeX Font Info:    ... okay on input line 3.
LaTeX Font Info:    Checking defaults for OMS/cmsy/m/n on input line 3.
LaTeX Font Info:    ... okay on input line 3.
LaTeX Font Info:    Checking defaults for OT1/cmr/m/n on input line 3.
LaTeX Font Info:    ... okay on input line 3.
LaTeX Font Info:    Checking defaults for T1/cmr/m/n on input line 3.
LaTeX Font Info:    ... okay on input line 3.
LaTeX Font Info:    Checking defaults for TS1/cmr/m/n on input line 3.
LaTeX Font Info:    ... okay on input line 3.
LaTeX Font Info:    Checking defaults for OMX/cmex/m/n on input line 3.
LaTeX Font Info:    ... okay on input line 3.
LaTeX Font Info:    Checking defaults for U/cmr/m/n on input line 3.
LaTeX Font Info:    ... okay on input line 3.

./ææ¡ˆæ‰‹æ³•.tex:3: LaTeX Error: The font size command \normalsize is not def
ined:
               there is probably something wrong with the class file.

See the LaTeX manual or LaTeX Companion for explanation.
Type  H <return>  for immediate help.
 ...                                              
                                                  
l.3 \begin{document}
                    
Your command was ignored.
Type  I <command> <return>  to replace it with another command,
or  <return>  to continue without it.

./ææ¡ˆæ‰‹æ³•.tex:5: Undefined control sequence.
l.5     \section
                {ææ¡ˆæ‰‹æ³•}
The control sequence at the end of the top line
of your error message was never \def'ed. If you have
misspelled it (e.g., `\hobx'), type `I' and the correct
spelling (e.g., `I\hbox'). Otherwise just continue,
and I'll forget about whatever was undefined.


./ææ¡ˆæ‰‹æ³•.tex:5: Package inputenc Error: Unicode character æ (U+63D0)
(inputenc)                not set up for use with LaTeX.

See the inputenc package documentation for explanation.
Type  H <return>  for immediate help.
 ...                                              
                                                  
l.5     \section{æ
                    æ¡ˆæ‰‹æ³•}
You may provide a definition with
\DeclareUnicodeCharacter 


./ææ¡ˆæ‰‹æ³•.tex:5: Package inputenc Error: Unicode character æ¡ˆ (U+6848)
(inputenc)                not set up for use with LaTeX.

See the inputenc package documentation for explanation.
Type  H <return>  for immediate help.
 ...                                              
                                                  
l.5     \section{ææ¡ˆ
                       æ‰‹æ³•}
You may provide a definition with
\DeclareUnicodeCharacter 


./ææ¡ˆæ‰‹æ³•.tex:5: Package inputenc Error: Unicode character æ‰‹ (U+624B)
(inputenc)                not set up for use with LaTeX.

See the inputenc package documentation for explanation.
Type  H <return>  for immediate help.
 ...                                              
                                                  
l.5     \section{ææ¡ˆæ‰‹
                          æ³•}
You may provide a definition with
\DeclareUnicodeCharacter 


./ææ¡ˆæ‰‹æ³•.tex:5: Package inputenc Error: Unicode character æ³• (U+6CD5)
(inputenc)                not set up for use with LaTeX.

See the inputenc package documentation for explanation.
Type  H <return>  for immediate help.
 ...                                              
                                                  
l.5     \section{ææ¡ˆæ‰‹æ³•
                             }
You may provide a definition with
\DeclareUnicodeCharacter 

./ææ¡ˆæ‰‹æ³•.tex:7: Undefined control sequence.
l.7     \subsection
                   {ææ¡ˆæ‰‹æ³•ã®æ¦‚è¦}
The control sequence at the end of the top line
of your error message was never \def'ed. If you have
misspelled it (e.g., `\hobx'), type `I' and the correct
spelling (e.g., `I\hbox'). Otherwise just continue,
and I'll forget about whatever was undefined.


./ææ¡ˆæ‰‹æ³•.tex:7: Package inputenc Error: Unicode character æ (U+63D0)
(inputenc)                not set up for use with LaTeX.

See the inputenc package documentation for explanation.
Type  H <return>  for immediate help.
 ...                                              
                                                  
l.7     \subsection{æ
                       æ¡ˆæ‰‹æ³•ã®æ¦‚è¦}
You may provide a definition with
\DeclareUnicodeCharacter 


./ææ¡ˆæ‰‹æ³•.tex:7: Package inputenc Error: Unicode character æ¡ˆ (U+6848)
(inputenc)                not set up for use with LaTeX.

See the inputenc package documentation for explanation.
Type  H <return>  for immediate help.
 ...                                              
                                                  
l.7     \subsection{ææ¡ˆ
                          æ‰‹æ³•ã®æ¦‚è¦}
You may provide a definition with
\DeclareUnicodeCharacter 


./ææ¡ˆæ‰‹æ³•.tex:7: Package inputenc Error: Unicode character æ‰‹ (U+624B)
(inputenc)                not set up for use with LaTeX.

See the inputenc package documentation for explanation.
Type  H <return>  for immediate help.
 ...                                              
                                                  
l.7     \subsection{ææ¡ˆæ‰‹
                             æ³•ã®æ¦‚è¦}
You may provide a definition with
\DeclareUnicodeCharacter 


./ææ¡ˆæ‰‹æ³•.tex:7: Package inputenc Error: Unicode character æ³• (U+6CD5)
(inputenc)                not set up for use with LaTeX.

See the inputenc package documentation for explanation.
Type  H <return>  for immediate help.
 ...                                              
                                                  
l.7     \subsection{ææ¡ˆæ‰‹æ³•
                                ã®æ¦‚è¦}
You may provide a definition with
\DeclareUnicodeCharacter 


./ææ¡ˆæ‰‹æ³•.tex:7: Package inputenc Error: Unicode character ã® (U+306E)
(inputenc)                not set up for use with LaTeX.

See the inputenc package documentation for explanation.
Type  H <return>  for immediate help.
 ...                                              
                                                  
l.7     \subsection{ææ¡ˆæ‰‹æ³•ã®
                                   æ¦‚è¦}
You may provide a definition with
\DeclareUnicodeCharacter 


./ææ¡ˆæ‰‹æ³•.tex:7: Package inputenc Error: Unicode character æ¦‚ (U+6982)
(inputenc)                not set up for use with LaTeX.

See the inputenc package documentation for explanation.
Type  H <return>  for immediate help.
 ...                                              
                                                  
l.7     \subsection{ææ¡ˆæ‰‹æ³•ã®æ¦‚
                                      è¦}
You may provide a definition with
\DeclareUnicodeCharacter 


./ææ¡ˆæ‰‹æ³•.tex:7: Package inputenc Error: Unicode character è¦ (U+8981)
(inputenc)                not set up for use with LaTeX.

See the inputenc package documentation for explanation.
Type  H <return>  for immediate help.
 ...                                              
                                                  
l.7     \subsection{ææ¡ˆæ‰‹æ³•ã®æ¦‚è¦
                                         }
You may provide a definition with
\DeclareUnicodeCharacter 


./ææ¡ˆæ‰‹æ³•.tex:9: Package inputenc Error: Unicode character æ (U+63D0)
(inputenc)                not set up for use with LaTeX.

See the inputenc package documentation for explanation.
Type  H <return>  for immediate help.
 ...                                              
                                                  
l.9     æ
           æ¡ˆæ‰‹æ³•ã®æ¦‚è¦ã‚’ä»¥ä¸‹ã«ç¤ºã™ï¼
You may provide a definition with
\DeclareUnicodeCharacter 


./ææ¡ˆæ‰‹æ³•.tex:9: Package inputenc Error: Unicode character æ¡ˆ (U+6848)
(inputenc)                not set up for use with LaTeX.

See the inputenc package documentation for explanation.
Type  H <return>  for immediate help.
 ...                                              
                                                  
l.9     ææ¡ˆ
              æ‰‹æ³•ã®æ¦‚è¦ã‚’ä»¥ä¸‹ã«ç¤ºã™ï¼
You may provide a definition with
\DeclareUnicodeCharacter 


./ææ¡ˆæ‰‹æ³•.tex:9: Package inputenc Error: Unicode character æ‰‹ (U+624B)
(inputenc)                not set up for use with LaTeX.

See the inputenc package documentation for explanation.
Type  H <return>  for immediate help.
 ...                                              
                                                  
l.9     ææ¡ˆæ‰‹
                 æ³•ã®æ¦‚è¦ã‚’ä»¥ä¸‹ã«ç¤ºã™ï¼
You may provide a definition with
\DeclareUnicodeCharacter 


./ææ¡ˆæ‰‹æ³•.tex:9: Package inputenc Error: Unicode character æ³• (U+6CD5)
(inputenc)                not set up for use with LaTeX.

See the inputenc package documentation for explanation.
Type  H <return>  for immediate help.
 ...                                              
                                                  
l.9     ææ¡ˆæ‰‹æ³•
                    ã®æ¦‚è¦ã‚’ä»¥ä¸‹ã«ç¤ºã™ï¼
You may provide a definition with
\DeclareUnicodeCharacter 


./ææ¡ˆæ‰‹æ³•.tex:9: Package inputenc Error: Unicode character ã® (U+306E)
(inputenc)                not set up for use with LaTeX.

See the inputenc package documentation for explanation.
Type  H <return>  for immediate help.
 ...                                              
                                                  
l.9     ææ¡ˆæ‰‹æ³•ã®
                       æ¦‚è¦ã‚’ä»¥ä¸‹ã«ç¤ºã™ï¼
You may provide a definition with
\DeclareUnicodeCharacter 


./ææ¡ˆæ‰‹æ³•.tex:9: Package inputenc Error: Unicode character æ¦‚ (U+6982)
(inputenc)                not set up for use with LaTeX.

See the inputenc package documentation for explanation.
Type  H <return>  for immediate help.
 ...                                              
                                                  
l.9     ææ¡ˆæ‰‹æ³•ã®æ¦‚
                          è¦ã‚’ä»¥ä¸‹ã«ç¤ºã™ï¼
You may provide a definition with
\DeclareUnicodeCharacter 


./ææ¡ˆæ‰‹æ³•.tex:9: Package inputenc Error: Unicode character è¦ (U+8981)
(inputenc)                not set up for use with LaTeX.

See the inputenc package documentation for explanation.
Type  H <return>  for immediate help.
 ...                                              
                                                  
l.9     ææ¡ˆæ‰‹æ³•ã®æ¦‚è¦
                             ã‚’ä»¥ä¸‹ã«ç¤ºã™ï¼
You may provide a definition with
\DeclareUnicodeCharacter 


./ææ¡ˆæ‰‹æ³•.tex:9: Package inputenc Error: Unicode character ã‚’ (U+3092)
(inputenc)                not set up for use with LaTeX.

See the inputenc package documentation for explanation.
Type  H <return>  for immediate help.
 ...                                              
                                                  
l.9     ææ¡ˆæ‰‹æ³•ã®æ¦‚è¦ã‚’
                                ä»¥ä¸‹ã«ç¤ºã™ï¼
You may provide a definition with
\DeclareUnicodeCharacter 


./ææ¡ˆæ‰‹æ³•.tex:9: Package inputenc Error: Unicode character ä»¥ (U+4EE5)
(inputenc)                not set up for use with LaTeX.

See the inputenc package documentation for explanation.
Type  H <return>  for immediate help.
 ...                                              
                                                  
l.9     ææ¡ˆæ‰‹æ³•ã®æ¦‚è¦ã‚’ä»¥
                                   ä¸‹ã«ç¤ºã™ï¼
You may provide a definition with
\DeclareUnicodeCharacter 


./ææ¡ˆæ‰‹æ³•.tex:9: Package inputenc Error: Unicode character ä¸‹ (U+4E0B)
(inputenc)                not set up for use with LaTeX.

See the inputenc package documentation for explanation.
Type  H <return>  for immediate help.
 ...                                              
                                                  
l.9     ææ¡ˆæ‰‹æ³•ã®æ¦‚è¦ã‚’ä»¥ä¸‹
                                      ã«ç¤ºã™ï¼
You may provide a definition with
\DeclareUnicodeCharacter 


./ææ¡ˆæ‰‹æ³•.tex:9: Package inputenc Error: Unicode character ã« (U+306B)
(inputenc)                not set up for use with LaTeX.

See the inputenc package documentation for explanation.
Type  H <return>  for immediate help.
 ...                                              
                                                  
l.9     ææ¡ˆæ‰‹æ³•ã®æ¦‚è¦ã‚’ä»¥ä¸‹ã«
                                         ç¤ºã™ï¼
You may provide a definition with
\DeclareUnicodeCharacter 


./ææ¡ˆæ‰‹æ³•.tex:9: Package inputenc Error: Unicode character ç¤º (U+793A)
(inputenc)                not set up for use with LaTeX.

See the inputenc package documentation for explanation.
Type  H <return>  for immediate help.
 ...                                              
                                                  
l.9     ææ¡ˆæ‰‹æ³•ã®æ¦‚è¦ã‚’ä»¥ä¸‹ã«ç¤º
                                            ã™ï¼
You may provide a definition with
\DeclareUnicodeCharacter 


./ææ¡ˆæ‰‹æ³•.tex:9: Package inputenc Error: Unicode character ã™ (U+3059)
(inputenc)                not set up for use with LaTeX.

See the inputenc package documentation for explanation.
Type  H <return>  for immediate help.
 ...                                              
                                                  
l.9     ææ¡ˆæ‰‹æ³•ã®æ¦‚è¦ã‚’ä»¥ä¸‹ã«ç¤ºã™
                                               ï¼
You may provide a definition with
\DeclareUnicodeCharacter 


./ææ¡ˆæ‰‹æ³•.tex:9: Package inputenc Error: Unicode character ï¼ (U+FF0E)
(inputenc)                not set up for use with LaTeX.

See the inputenc package documentation for explanation.
Type  H <return>  for immediate help.
 ...                                              
                                                  
l.9     ææ¡ˆæ‰‹æ³•ã®æ¦‚è¦ã‚’ä»¥ä¸‹ã«ç¤ºã™ï¼
                                                  
You may provide a definition with
\DeclareUnicodeCharacter 


./ææ¡ˆæ‰‹æ³•.tex:12: LaTeX Error: Environment lstlisting undefined.

See the LaTeX manual or LaTeX Companion for explanation.
Type  H <return>  for immediate help.
 ...                                              
                                                  
l.12 \begin{lstlisting}
                       [caption=hoge,label=fuga]
Your command was ignored.
Type  I <command> <return>  to replace it with another command,
or  <return>  to continue without it.


./ææ¡ˆæ‰‹æ³•.tex:13: Package inputenc Error: Unicode character ã“ (U+3053)
(inputenc)                not set up for use with LaTeX.

See the inputenc package documentation for explanation.
Type  H <return>  for immediate help.
 ...                                              
                                                  
l.13 // ã“
           ã®ã¨ãã€Floatã¨Integerã®ãƒ¬ã‚¤ãƒ¤ã®æ´»æ€§åŒ–ã¯æ’åã§ã‚...

You may provide a definition with
\DeclareUnicodeCharacter 


./ææ¡ˆæ‰‹æ³•.tex:13: Package inputenc Error: Unicode character ã® (U+306E)
(inputenc)                not set up for use with LaTeX.

See the inputenc package documentation for explanation.
Type  H <return>  for immediate help.
 ...                                              
                                                  
l.13 // ã“ã®
              ã¨ãã€Floatã¨Integerã®ãƒ¬ã‚¤ãƒ¤ã®æ´»æ€§åŒ–ã¯æ’åã§ã‚...

You may provide a definition with
\DeclareUnicodeCharacter 


./ææ¡ˆæ‰‹æ³•.tex:13: Package inputenc Error: Unicode character ã¨ (U+3068)
(inputenc)                not set up for use with LaTeX.

See the inputenc package documentation for explanation.
Type  H <return>  for immediate help.
 ...                                              
                                                  
l.13 // ã“ã®ã¨
                 ãã€Floatã¨Integerã®ãƒ¬ã‚¤ãƒ¤ã®æ´»æ€§åŒ–ã¯æ’åã§ã‚...

You may provide a definition with
\DeclareUnicodeCharacter 


./ææ¡ˆæ‰‹æ³•.tex:13: Package inputenc Error: Unicode character ã (U+304D)
(inputenc)                not set up for use with LaTeX.

See the inputenc package documentation for explanation.
Type  H <return>  for immediate help.
 ...                                              
                                                  
l.13 // ã“ã®ã¨ã
                    ã€Floatã¨Integerã®ãƒ¬ã‚¤ãƒ¤ã®æ´»æ€§åŒ–ã¯æ’åã§ã‚...

You may provide a definition with
\DeclareUnicodeCharacter 


./ææ¡ˆæ‰‹æ³•.tex:13: Package inputenc Error: Unicode character ã€ (U+3001)
(inputenc)                not set up for use with LaTeX.

See the inputenc package documentation for explanation.
Type  H <return>  for immediate help.
 ...                                              
                                                  
l.13 // ã“ã®ã¨ãã€
                       Floatã¨Integerã®ãƒ¬ã‚¤ãƒ¤ã®æ´»æ€§åŒ–ã¯æ’åã§ã‚...

You may provide a definition with
\DeclareUnicodeCharacter 


./ææ¡ˆæ‰‹æ³•.tex:13: Package inputenc Error: Unicode character ã¨ (U+3068)
(inputenc)                not set up for use with LaTeX.

See the inputenc package documentation for explanation.
Type  H <return>  for immediate help.
 ...                                              
                                                  
l.13 // ã“ã®ã¨ãã€Floatã¨
                               Integerã®ãƒ¬ã‚¤ãƒ¤ã®æ´»æ€§åŒ–ã¯æ’åã§ã‚...

You may provide a definition with
\DeclareUnicodeCharacter 


./ææ¡ˆæ‰‹æ³•.tex:13: Package inputenc Error: Unicode character ã® (U+306E)
(inputenc)                not set up for use with LaTeX.

See the inputenc package documentation for explanation.
Type  H <return>  for immediate help.
 ...                                              
                                                  
l.13 // ã“ã®ã¨ãã€Floatã¨Integerã®
                                         ãƒ¬ã‚¤ãƒ¤ã®æ´»æ€§åŒ–ã¯æ’åã§ã‚...

You may provide a definition with
\DeclareUnicodeCharacter 


./ææ¡ˆæ‰‹æ³•.tex:13: Package inputenc Error: Unicode character ãƒ¬ (U+30EC)
(inputenc)                not set up for use with LaTeX.

See the inputenc package documentation for explanation.
Type  H <return>  for immediate help.
 ...                                              
                                                  
l.13 // ã“ã®ã¨ãã€Floatã¨Integerã®ãƒ¬
                                            ã‚¤ãƒ¤ã®æ´»æ€§åŒ–ã¯æ’åã§ã‚...

You may provide a definition with
\DeclareUnicodeCharacter 


./ææ¡ˆæ‰‹æ³•.tex:13: Package inputenc Error: Unicode character ã‚¤ (U+30A4)
(inputenc)                not set up for use with LaTeX.

See the inputenc package documentation for explanation.
Type  H <return>  for immediate help.
 ...                                              
                                                  
l.13 // ã“ã®ã¨ãã€Floatã¨Integerã®ãƒ¬ã‚¤
                                               ãƒ¤ã®æ´»æ€§åŒ–ã¯æ’åã§ã‚...

You may provide a definition with
\DeclareUnicodeCharacter 


./ææ¡ˆæ‰‹æ³•.tex:13: Package inputenc Error: Unicode character ãƒ¤ (U+30E4)
(inputenc)                not set up for use with LaTeX.

See the inputenc package documentation for explanation.
Type  H <return>  for immediate help.
 ...                                              
                                                  
l.13 // ã“ã®ã¨ãã€Floatã¨Integerã®ãƒ¬ã‚¤ãƒ¤
                                                  ã®æ´»æ€§åŒ–ã¯æ’åã§ã‚...

You may provide a definition with
\DeclareUnicodeCharacter 


./ææ¡ˆæ‰‹æ³•.tex:13: Package inputenc Error: Unicode character ã® (U+306E)
(inputenc)                not set up for use with LaTeX.

See the inputenc package documentation for explanation.
Type  H <return>  for immediate help.
 ...                                              
                                                  
l.13 ...ã®ã¨ãã€Floatã¨Integerã®ãƒ¬ã‚¤ãƒ¤ã®
                                                  æ´»æ€§åŒ–ã¯æ’åã§ã‚ˆã...

You may provide a definition with
\DeclareUnicodeCharacter 


./ææ¡ˆæ‰‹æ³•.tex:13: Package inputenc Error: Unicode character æ´» (U+6D3B)
(inputenc)                not set up for use with LaTeX.

See the inputenc package documentation for explanation.
Type  H <return>  for immediate help.
 ...                                              
                                                  
l.13 ...ã¨ãã€Floatã¨Integerã®ãƒ¬ã‚¤ãƒ¤ã®æ´»
                                                  æ€§åŒ–ã¯æ’åã§ã‚ˆã„æ°...

You may provide a definition with
\DeclareUnicodeCharacter 


./ææ¡ˆæ‰‹æ³•.tex:13: Package inputenc Error: Unicode character æ€§ (U+6027)
(inputenc)                not set up for use with LaTeX.

See the inputenc package documentation for explanation.
Type  H <return>  for immediate help.
 ...                                              
                                                  
l.13 ...ãã€Floatã¨Integerã®ãƒ¬ã‚¤ãƒ¤ã®æ´»æ€§
                                                  åŒ–ã¯æ’åã§ã‚ˆã„æ°—ã...

You may provide a definition with
\DeclareUnicodeCharacter 


./ææ¡ˆæ‰‹æ³•.tex:13: Package inputenc Error: Unicode character åŒ– (U+5316)
(inputenc)                not set up for use with LaTeX.

See the inputenc package documentation for explanation.
Type  H <return>  for immediate help.
 ...                                              
                                                  
l.13 ...ã€Floatã¨Integerã®ãƒ¬ã‚¤ãƒ¤ã®æ´»æ€§åŒ–
                                                  ã¯æ’åã§ã‚ˆã„æ°—ãŒã...

You may provide a definition with
\DeclareUnicodeCharacter 


./ææ¡ˆæ‰‹æ³•.tex:13: Package inputenc Error: Unicode character ã¯ (U+306F)
(inputenc)                not set up for use with LaTeX.

See the inputenc package documentation for explanation.
Type  H <return>  for immediate help.
 ...                                              
                                                  
l.13 ...Floatã¨Integerã®ãƒ¬ã‚¤ãƒ¤ã®æ´»æ€§åŒ–ã¯
                                                  æ’åã§ã‚ˆã„æ°—ãŒã™ã‚‹
You may provide a definition with
\DeclareUnicodeCharacter 


./ææ¡ˆæ‰‹æ³•.tex:13: Package inputenc Error: Unicode character æ’ (U+6392)
(inputenc)                not set up for use with LaTeX.

See the inputenc package documentation for explanation.
Type  H <return>  for immediate help.
 ...                                              
                                                  
l.13 ...atã¨Integerã®ãƒ¬ã‚¤ãƒ¤ã®æ´»æ€§åŒ–ã¯æ’
                                                  åã§ã‚ˆã„æ°—ãŒã™ã‚‹
You may provide a definition with
\DeclareUnicodeCharacter 


./ææ¡ˆæ‰‹æ³•.tex:13: Package inputenc Error: Unicode character å (U+53CD)
(inputenc)                not set up for use with LaTeX.

See the inputenc package documentation for explanation.
Type  H <return>  for immediate help.
 ...                                              
                                                  
l.13 ...¨Integerã®ãƒ¬ã‚¤ãƒ¤ã®æ´»æ€§åŒ–ã¯æ’å
                                                  ã§ã‚ˆã„æ°—ãŒã™ã‚‹
You may provide a definition with
\DeclareUnicodeCharacter 


./ææ¡ˆæ‰‹æ³•.tex:13: Package inputenc Error: Unicode character ã§ (U+3067)
(inputenc)                not set up for use with LaTeX.

See the inputenc package documentation for explanation.
Type  H <return>  for immediate help.
 ...                                              
                                                  
l.13 ...ntegerã®ãƒ¬ã‚¤ãƒ¤ã®æ´»æ€§åŒ–ã¯æ’åã§
                                                  ã‚ˆã„æ°—ãŒã™ã‚‹
You may provide a definition with
\DeclareUnicodeCharacter 


./ææ¡ˆæ‰‹æ³•.tex:13: Package inputenc Error: Unicode character ã‚ˆ (U+3088)
(inputenc)                not set up for use with LaTeX.

See the inputenc package documentation for explanation.
Type  H <return>  for immediate help.
 ...                                              
                                                  
l.13 ...gerã®ãƒ¬ã‚¤ãƒ¤ã®æ´»æ€§åŒ–ã¯æ’åã§ã‚ˆ
                                                  ã„æ°—ãŒã™ã‚‹
You may provide a definition with
\DeclareUnicodeCharacter 


./ææ¡ˆæ‰‹æ³•.tex:13: Package inputenc Error: Unicode character ã„ (U+3044)
(inputenc)                not set up for use with LaTeX.

See the inputenc package documentation for explanation.
Type  H <return>  for immediate help.
 ...                                              
                                                  
l.13 ...ã®ãƒ¬ã‚¤ãƒ¤ã®æ´»æ€§åŒ–ã¯æ’åã§ã‚ˆã„
                                                  æ°—ãŒã™ã‚‹
You may provide a definition with
\DeclareUnicodeCharacter 


./ææ¡ˆæ‰‹æ³•.tex:13: Package inputenc Error: Unicode character æ°— (U+6C17)
(inputenc)                not set up for use with LaTeX.

See the inputenc package documentation for explanation.
Type  H <return>  for immediate help.
 ...                                              
                                                  
l.13 ...ãƒ¬ã‚¤ãƒ¤ã®æ´»æ€§åŒ–ã¯æ’åã§ã‚ˆã„æ°—
                                                  ãŒã™ã‚‹
You may provide a definition with
\DeclareUnicodeCharacter 


./ææ¡ˆæ‰‹æ³•.tex:13: Package inputenc Error: Unicode character ãŒ (U+304C)
(inputenc)                not set up for use with LaTeX.

See the inputenc package documentation for explanation.
Type  H <return>  for immediate help.
 ...                                              
                                                  
l.13 ...ã‚¤ãƒ¤ã®æ´»æ€§åŒ–ã¯æ’åã§ã‚ˆã„æ°—ãŒ
                                                  ã™ã‚‹
You may provide a definition with
\DeclareUnicodeCharacter 


./ææ¡ˆæ‰‹æ³•.tex:13: Package inputenc Error: Unicode character ã™ (U+3059)
(inputenc)                not set up for use with LaTeX.

See the inputenc package documentation for explanation.
Type  H <return>  for immediate help.
 ...                                              
                                                  
l.13 ...ãƒ¤ã®æ´»æ€§åŒ–ã¯æ’åã§ã‚ˆã„æ°—ãŒã™
                                                  ã‚‹
You may provide a definition with
\DeclareUnicodeCharacter 


./ææ¡ˆæ‰‹æ³•.tex:13: Package inputenc Error: Unicode character ã‚‹ (U+308B)
(inputenc)                not set up for use with LaTeX.

See the inputenc package documentation for explanation.
Type  H <return>  for immediate help.
 ...                                              
                                                  
l.13 ...ã®æ´»æ€§åŒ–ã¯æ’åã§ã‚ˆã„æ°—ãŒã™ã‚‹
                                                  
You may provide a definition with
\DeclareUnicodeCharacter 


./ææ¡ˆæ‰‹æ³•.tex:16: Package inputenc Error: Unicode character ã„ (U+3044)
(inputenc)                not set up for use with LaTeX.

See the inputenc package documentation for explanation.
Type  H <return>  for immediate help.
 ...                                              
                                                  
l.16 // ã„
           ã¡ã„ã¡åˆ‡ã‚Šæ›¿ãˆãŒã‚ã‚“ã©ã†
You may provide a definition with
\DeclareUnicodeCharacter 


./ææ¡ˆæ‰‹æ³•.tex:16: Package inputenc Error: Unicode character ã¡ (U+3061)
(inputenc)                not set up for use with LaTeX.

See the inputenc package documentation for explanation.
Type  H <return>  for immediate help.
 ...                                              
                                                  
l.16 // ã„ã¡
              ã„ã¡åˆ‡ã‚Šæ›¿ãˆãŒã‚ã‚“ã©ã†
You may provide a definition with
\DeclareUnicodeCharacter 


./ææ¡ˆæ‰‹æ³•.tex:16: Package inputenc Error: Unicode character ã„ (U+3044)
(inputenc)                not set up for use with LaTeX.

See the inputenc package documentation for explanation.
Type  H <return>  for immediate help.
 ...                                              
                                                  
l.16 // ã„ã¡ã„
                 ã¡åˆ‡ã‚Šæ›¿ãˆãŒã‚ã‚“ã©ã†
You may provide a definition with
\DeclareUnicodeCharacter 


./ææ¡ˆæ‰‹æ³•.tex:16: Package inputenc Error: Unicode character ã¡ (U+3061)
(inputenc)                not set up for use with LaTeX.

See the inputenc package documentation for explanation.
Type  H <return>  for immediate help.
 ...                                              
                                                  
l.16 // ã„ã¡ã„ã¡
                    åˆ‡ã‚Šæ›¿ãˆãŒã‚ã‚“ã©ã†
You may provide a definition with
\DeclareUnicodeCharacter 


./ææ¡ˆæ‰‹æ³•.tex:16: Package inputenc Error: Unicode character åˆ‡ (U+5207)
(inputenc)                not set up for use with LaTeX.

See the inputenc package documentation for explanation.
Type  H <return>  for immediate help.
 ...                                              
                                                  
l.16 // ã„ã¡ã„ã¡åˆ‡
                       ã‚Šæ›¿ãˆãŒã‚ã‚“ã©ã†
You may provide a definition with
\DeclareUnicodeCharacter 


./ææ¡ˆæ‰‹æ³•.tex:16: Package inputenc Error: Unicode character ã‚Š (U+308A)
(inputenc)                not set up for use with LaTeX.

See the inputenc package documentation for explanation.
Type  H <return>  for immediate help.
 ...                                              
                                                  
l.16 // ã„ã¡ã„ã¡åˆ‡ã‚Š
                          æ›¿ãˆãŒã‚ã‚“ã©ã†
You may provide a definition with
\DeclareUnicodeCharacter 


./ææ¡ˆæ‰‹æ³•.tex:16: Package inputenc Error: Unicode character æ›¿ (U+66FF)
(inputenc)                not set up for use with LaTeX.

See the inputenc package documentation for explanation.
Type  H <return>  for immediate help.
 ...                                              
                                                  
l.16 // ã„ã¡ã„ã¡åˆ‡ã‚Šæ›¿
                             ãˆãŒã‚ã‚“ã©ã†
You may provide a definition with
\DeclareUnicodeCharacter 


./ææ¡ˆæ‰‹æ³•.tex:16: Package inputenc Error: Unicode character ãˆ (U+3048)
(inputenc)                not set up for use with LaTeX.

See the inputenc package documentation for explanation.
Type  H <return>  for immediate help.
 ...                                              
                                                  
l.16 // ã„ã¡ã„ã¡åˆ‡ã‚Šæ›¿ãˆ
                                ãŒã‚ã‚“ã©ã†
You may provide a definition with
\DeclareUnicodeCharacter 


./ææ¡ˆæ‰‹æ³•.tex:16: Package inputenc Error: Unicode character ãŒ (U+304C)
(inputenc)                not set up for use with LaTeX.

See the inputenc package documentation for explanation.
Type  H <return>  for immediate help.
 ...                                              
                                                  
l.16 // ã„ã¡ã„ã¡åˆ‡ã‚Šæ›¿ãˆãŒ
                                   ã‚ã‚“ã©ã†
You may provide a definition with
\DeclareUnicodeCharacter 


./ææ¡ˆæ‰‹æ³•.tex:16: Package inputenc Error: Unicode character ã‚ (U+3081)
(inputenc)                not set up for use with LaTeX.

See the inputenc package documentation for explanation.
Type  H <return>  for immediate help.
 ...                                              
                                                  
l.16 // ã„ã¡ã„ã¡åˆ‡ã‚Šæ›¿ãˆãŒã‚
                                      ã‚“ã©ã†
You may provide a definition with
\DeclareUnicodeCharacter 


./ææ¡ˆæ‰‹æ³•.tex:16: Package inputenc Error: Unicode character ã‚“ (U+3093)
(inputenc)                not set up for use with LaTeX.

See the inputenc package documentation for explanation.
Type  H <return>  for immediate help.
 ...                                              
                                                  
l.16 // ã„ã¡ã„ã¡åˆ‡ã‚Šæ›¿ãˆãŒã‚ã‚“
                                         ã©ã†
You may provide a definition with
\DeclareUnicodeCharacter 


./ææ¡ˆæ‰‹æ³•.tex:16: Package inputenc Error: Unicode character ã© (U+3069)
(inputenc)                not set up for use with LaTeX.

See the inputenc package documentation for explanation.
Type  H <return>  for immediate help.
 ...                                              
                                                  
l.16 // ã„ã¡ã„ã¡åˆ‡ã‚Šæ›¿ãˆãŒã‚ã‚“ã©
                                            ã†
You may provide a definition with
\DeclareUnicodeCharacter 


./ææ¡ˆæ‰‹æ³•.tex:16: Package inputenc Error: Unicode character ã† (U+3046)
(inputenc)                not set up for use with LaTeX.

See the inputenc package documentation for explanation.
Type  H <return>  for immediate help.
 ...                                              
                                                  
l.16 // ã„ã¡ã„ã¡åˆ‡ã‚Šæ›¿ãˆãŒã‚ã‚“ã©ã†
                                               
You may provide a definition with
\DeclareUnicodeCharacter 


./ææ¡ˆæ‰‹æ³•.tex:21: Package inputenc Error: Unicode character æ’ (U+6392)
(inputenc)                not set up for use with LaTeX.

See the inputenc package documentation for explanation.
Type  H <return>  for immediate help.
 ...                                              
                                                  
l.21 // æ’
           åã§ã¯ãªã„ã‹ã‚‰ï¼’ã¤æ¡ä»¶å«ã‚€ã®ã©ã†ãªã‚“ï¼Ÿ
You may provide a definition with
\DeclareUnicodeCharacter 


./ææ¡ˆæ‰‹æ³•.tex:21: Package inputenc Error: Unicode character å (U+53CD)
(inputenc)                not set up for use with LaTeX.

See the inputenc package documentation for explanation.
Type  H <return>  for immediate help.
 ...                                              
                                                  
l.21 // æ’å
              ã§ã¯ãªã„ã‹ã‚‰ï¼’ã¤æ¡ä»¶å«ã‚€ã®ã©ã†ãªã‚“ï¼Ÿ
You may provide a definition with
\DeclareUnicodeCharacter 


./ææ¡ˆæ‰‹æ³•.tex:21: Package inputenc Error: Unicode character ã§ (U+3067)
(inputenc)                not set up for use with LaTeX.

See the inputenc package documentation for explanation.
Type  H <return>  for immediate help.
 ...                                              
                                                  
l.21 // æ’åã§
                 ã¯ãªã„ã‹ã‚‰ï¼’ã¤æ¡ä»¶å«ã‚€ã®ã©ã†ãªã‚“ï¼Ÿ
You may provide a definition with
\DeclareUnicodeCharacter 


./ææ¡ˆæ‰‹æ³•.tex:21: Package inputenc Error: Unicode character ã¯ (U+306F)
(inputenc)                not set up for use with LaTeX.

See the inputenc package documentation for explanation.
Type  H <return>  for immediate help.
 ...                                              
                                                  
l.21 // æ’åã§ã¯
                    ãªã„ã‹ã‚‰ï¼’ã¤æ¡ä»¶å«ã‚€ã®ã©ã†ãªã‚“ï¼Ÿ
You may provide a definition with
\DeclareUnicodeCharacter 


./ææ¡ˆæ‰‹æ³•.tex:21: Package inputenc Error: Unicode character ãª (U+306A)
(inputenc)                not set up for use with LaTeX.

See the inputenc package documentation for explanation.
Type  H <return>  for immediate help.
 ...                                              
                                                  
l.21 // æ’åã§ã¯ãª
                       ã„ã‹ã‚‰ï¼’ã¤æ¡ä»¶å«ã‚€ã®ã©ã†ãªã‚“ï¼Ÿ
You may provide a definition with
\DeclareUnicodeCharacter 


./ææ¡ˆæ‰‹æ³•.tex:21: Package inputenc Error: Unicode character ã„ (U+3044)
(inputenc)                not set up for use with LaTeX.

See the inputenc package documentation for explanation.
Type  H <return>  for immediate help.
 ...                                              
                                                  
l.21 // æ’åã§ã¯ãªã„
                          ã‹ã‚‰ï¼’ã¤æ¡ä»¶å«ã‚€ã®ã©ã†ãªã‚“ï¼Ÿ
You may provide a definition with
\DeclareUnicodeCharacter 


./ææ¡ˆæ‰‹æ³•.tex:21: Package inputenc Error: Unicode character ã‹ (U+304B)
(inputenc)                not set up for use with LaTeX.

See the inputenc package documentation for explanation.
Type  H <return>  for immediate help.
 ...                                              
                                                  
l.21 // æ’åã§ã¯ãªã„ã‹
                             ã‚‰ï¼’ã¤æ¡ä»¶å«ã‚€ã®ã©ã†ãªã‚“ï¼Ÿ
You may provide a definition with
\DeclareUnicodeCharacter 


./ææ¡ˆæ‰‹æ³•.tex:21: Package inputenc Error: Unicode character ã‚‰ (U+3089)
(inputenc)                not set up for use with LaTeX.

See the inputenc package documentation for explanation.
Type  H <return>  for immediate help.
 ...                                              
                                                  
l.21 // æ’åã§ã¯ãªã„ã‹ã‚‰
                                ï¼’ã¤æ¡ä»¶å«ã‚€ã®ã©ã†ãªã‚“ï¼Ÿ
You may provide a definition with
\DeclareUnicodeCharacter 


./ææ¡ˆæ‰‹æ³•.tex:21: Package inputenc Error: Unicode character ï¼’ (U+FF12)
(inputenc)                not set up for use with LaTeX.

See the inputenc package documentation for explanation.
Type  H <return>  for immediate help.
 ...                                              
                                                  
l.21 // æ’åã§ã¯ãªã„ã‹ã‚‰ï¼’
                                   ã¤æ¡ä»¶å«ã‚€ã®ã©ã†ãªã‚“ï¼Ÿ
You may provide a definition with
\DeclareUnicodeCharacter 


./ææ¡ˆæ‰‹æ³•.tex:21: Package inputenc Error: Unicode character ã¤ (U+3064)
(inputenc)                not set up for use with LaTeX.

See the inputenc package documentation for explanation.
Type  H <return>  for immediate help.
 ...                                              
                                                  
l.21 // æ’åã§ã¯ãªã„ã‹ã‚‰ï¼’ã¤
                                      æ¡ä»¶å«ã‚€ã®ã©ã†ãªã‚“ï¼Ÿ
You may provide a definition with
\DeclareUnicodeCharacter 


./ææ¡ˆæ‰‹æ³•.tex:21: Package inputenc Error: Unicode character æ¡ (U+6761)
(inputenc)                not set up for use with LaTeX.

See the inputenc package documentation for explanation.
Type  H <return>  for immediate help.
 ...                                              
                                                  
l.21 // æ’åã§ã¯ãªã„ã‹ã‚‰ï¼’ã¤æ¡
                                         ä»¶å«ã‚€ã®ã©ã†ãªã‚“ï¼Ÿ
You may provide a definition with
\DeclareUnicodeCharacter 


./ææ¡ˆæ‰‹æ³•.tex:21: Package inputenc Error: Unicode character ä»¶ (U+4EF6)
(inputenc)                not set up for use with LaTeX.

See the inputenc package documentation for explanation.
Type  H <return>  for immediate help.
 ...                                              
                                                  
l.21 // æ’åã§ã¯ãªã„ã‹ã‚‰ï¼’ã¤æ¡ä»¶
                                            å«ã‚€ã®ã©ã†ãªã‚“ï¼Ÿ
You may provide a definition with
\DeclareUnicodeCharacter 


./ææ¡ˆæ‰‹æ³•.tex:21: Package inputenc Error: Unicode character å« (U+542B)
(inputenc)                not set up for use with LaTeX.

See the inputenc package documentation for explanation.
Type  H <return>  for immediate help.
 ...                                              
                                                  
l.21 // æ’åã§ã¯ãªã„ã‹ã‚‰ï¼’ã¤æ¡ä»¶å«
                                               ã‚€ã®ã©ã†ãªã‚“ï¼Ÿ
You may provide a definition with
\DeclareUnicodeCharacter 


./ææ¡ˆæ‰‹æ³•.tex:21: Package inputenc Error: Unicode character ã‚€ (U+3080)
(inputenc)                not set up for use with LaTeX.

See the inputenc package documentation for explanation.
Type  H <return>  for immediate help.
 ...                                              
                                                  
l.21 // æ’åã§ã¯ãªã„ã‹ã‚‰ï¼’ã¤æ¡ä»¶å«ã‚€
                                                  ã®ã©ã†ãªã‚“ï¼Ÿ
You may provide a definition with
\DeclareUnicodeCharacter 


./ææ¡ˆæ‰‹æ³•.tex:21: Package inputenc Error: Unicode character ã® (U+306E)
(inputenc)                not set up for use with LaTeX.

See the inputenc package documentation for explanation.
Type  H <return>  for immediate help.
 ...                                              
                                                  
l.21 ...åã§ã¯ãªã„ã‹ã‚‰ï¼’ã¤æ¡ä»¶å«ã‚€ã®
                                                  ã©ã†ãªã‚“ï¼Ÿ
You may provide a definition with
\DeclareUnicodeCharacter 


./ææ¡ˆæ‰‹æ³•.tex:21: Package inputenc Error: Unicode character ã© (U+3069)
(inputenc)                not set up for use with LaTeX.

See the inputenc package documentation for explanation.
Type  H <return>  for immediate help.
 ...                                              
                                                  
l.21 ...ã§ã¯ãªã„ã‹ã‚‰ï¼’ã¤æ¡ä»¶å«ã‚€ã®ã©
                                                  ã†ãªã‚“ï¼Ÿ
You may provide a definition with
\DeclareUnicodeCharacter 


./ææ¡ˆæ‰‹æ³•.tex:21: Package inputenc Error: Unicode character ã† (U+3046)
(inputenc)                not set up for use with LaTeX.

See the inputenc package documentation for explanation.
Type  H <return>  for immediate help.
 ...                                              
                                                  
l.21 ...ã¯ãªã„ã‹ã‚‰ï¼’ã¤æ¡ä»¶å«ã‚€ã®ã©ã†
                                                  ãªã‚“ï¼Ÿ
You may provide a definition with
\DeclareUnicodeCharacter 


./ææ¡ˆæ‰‹æ³•.tex:21: Package inputenc Error: Unicode character ãª (U+306A)
(inputenc)                not set up for use with LaTeX.

See the inputenc package documentation for explanation.
Type  H <return>  for immediate help.
 ...                                              
                                                  
l.21 ...ãªã„ã‹ã‚‰ï¼’ã¤æ¡ä»¶å«ã‚€ã®ã©ã†ãª
                                                  ã‚“ï¼Ÿ
You may provide a definition with
\DeclareUnicodeCharacter 


./ææ¡ˆæ‰‹æ³•.tex:21: Package inputenc Error: Unicode character ã‚“ (U+3093)
(inputenc)                not set up for use with LaTeX.

See the inputenc package documentation for explanation.
Type  H <return>  for immediate help.
 ...                                              
                                                  
l.21 ...ã„ã‹ã‚‰ï¼’ã¤æ¡ä»¶å«ã‚€ã®ã©ã†ãªã‚“
                                                  ï¼Ÿ
You may provide a definition with
\DeclareUnicodeCharacter 


./ææ¡ˆæ‰‹æ³•.tex:21: Package inputenc Error: Unicode character ï¼Ÿ (U+FF1F)
(inputenc)                not set up for use with LaTeX.

See the inputenc package documentation for explanation.
Type  H <return>  for immediate help.
 ...                                              
                                                  
l.21 ...ã‹ã‚‰ï¼’ã¤æ¡ä»¶å«ã‚€ã®ã©ã†ãªã‚“ï¼Ÿ
                                                  
You may provide a definition with
\DeclareUnicodeCharacter 

./ææ¡ˆæ‰‹æ³•.tex:22: Misplaced alignment tab character &.
l.22 <Layer condition={layerState.Float &
                                         & !layerState.Integer}>
I can't figure out why you would want to use a tab mark
here. If you just want an ampersand, the remedy is
simple: Just type `I\&' now. But if some right brace
up above has ended a previous alignment prematurely,
you're probably due for more error messages, and you
might try typing `S' now just to see what is salvageable.

./ææ¡ˆæ‰‹æ³•.tex:22: Misplaced alignment tab character &.
l.22 <Layer condition={layerState.Float &&
                                           !layerState.Integer}>
I can't figure out why you would want to use a tab mark
here. If you just want an ampersand, the remedy is
simple: Just type `I\&' now. But if some right brace
up above has ended a previous alignment prematurely,
you're probably due for more error messages, and you
might try typing `S' now just to see what is salvageable.


./ææ¡ˆæ‰‹æ³•.tex:23: LaTeX Error: \begin{document} ended by \end{lstlisting}.


See the LaTeX manual or LaTeX Companion for explanation.
Type  H <return>  for immediate help.
 ...                                              
                                                  
l.23 \end{lstlisting}
                     
Your command was ignored.
Type  I <command> <return>  to replace it with another command,
or  <return>  to continue without it.


./ææ¡ˆæ‰‹æ³•.tex:31: LaTeX Error: The font size command \normalsize is not de
fined:
               there is probably something wrong with the class file.

See the LaTeX manual or LaTeX Companion for explanation.
Type  H <return>  for immediate help.
 ...                                              
                                                  
l.31 \end{document}
                   
Your command was ignored.
Type  I <command> <return>  to replace it with another command,
or  <return>  to continue without it.

[1{/usr/local/texlive/2021/texmf-var/fonts/map/pdftex/updmap/pdftex.map}]
(/Users/oonohiroshitaka/Documents/research/out/ææ¡ˆæ‰‹æ³•.aux) )
(\end occurred when \ifx on line 30 was incomplete) 
Here is how much of TeX's memory you used:
 254 strings out of 478542
 5815 string characters out of 5850387
 296580 words of memory out of 5000000
 18279 multiletter control sequences out of 15000+600000
 403430 words of font info for 27 fonts, out of 8000000 for 9000
 1141 hyphenation exceptions out of 8191
 28i,5n,38p,141b,76s stack positions out of 5000i,500n,10000p,200000b,80000s
</usr/local/texlive/2021/tex
mf-dist/fonts/type1/public/amsfonts/cm/cmr10.pfb>
Output written on /Users/oonohiroshitaka/Documents/research/out/ææ¡ˆæ‰‹æ³•.pd
f (1 page, 18526 bytes).
PDF statistics:
 13 PDF objects out of 1000 (max. 8388607)
 7 compressed objects within 1 object stream
 0 named destinations out of 1000 (max. 500000)
 1 words of extra memory for PDF output out of 10000 (max. 10000000)

