INFO:  latexindent.pl version 3.23.5, 2024-01-01, a script to indent .tex files
       latexindent.pl lives here: /opt/homebrew/Cellar/latexindent/3.23.5/libexec/bin/
       Sat Jan  6 21:00:25 2024
       Filename: /Users/oonohiroshitaka/Documents/research/final/components/section/実装.tex
INFO:  Processing switches:
INFO:  Directory for backup files and indent.log:
       /Users/oonohiroshitaka/Documents/research/final/components/section
INFO:  Perl modules are being loaded from the following directories:
       /opt/homebrew/opt/perl/lib/perl5/5.38/FindBin.pm
       /opt/homebrew/Cellar/latexindent/3.23.5/libexec/lib/perl5/YAML/Tiny.pm
       /opt/homebrew/opt/perl/lib/perl5/5.38/File/Copy.pm
       /opt/homebrew/opt/perl/lib/perl5/5.38/File/Basename.pm
       /opt/homebrew/opt/perl/lib/perl5/5.38/Getopt/Long.pm
       /opt/homebrew/Cellar/latexindent/3.23.5/libexec/lib/perl5/File/HomeDir.pm
INFO:  LatexIndent perl modules are being loaded from, for example:
       /opt/homebrew/Cellar/latexindent/3.23.5/libexec/lib/perl5/LatexIndent/Document.pm
INFO:  YAML settings read: defaultSettings.yaml
       Reading defaultSettings.yaml from /opt/homebrew/Cellar/latexindent/3.23.5/libexec/bin/defaultSettings.yaml
INFO:  YAML reading settings
       Home directory is /Users/oonohiroshitaka
       latexindent.pl didn't find indentconfig.yaml or .indentconfig.yaml
       see all possible locations: https://latexindentpl.readthedocs.io/en/latest/sec-appendices.html#indentconfig-options)
INFO:  Phase 1: searching for objects
INFO:  Phase 2: finding surrounding indentation
INFO:  Phase 3: indenting objects
INFO:  Phase 4: final indentation check
INFO:  Output routine:
       Not outputting to file; see -w and -o switches for more options.
       --------------
INFO:  Please direct all communication/issues to:
        https://github.com/cmhughes/latexindent.pl
